Looking for git in: git
Using git 2.25.1 from git
> git rev-parse --git-dir
Open repository: /home/marcel/Documents/git/dev-numeros-romanos
> git status -z -u
> git symbolic-ref --short HEAD
> git rev-parse master
> git rev-parse --symbolic-full-name master@{u}
> git rev-list --left-right master...refs/remotes/origin/master
> git for-each-ref --sort -committerdate --format %(refname) %(objectname)
> git remote --verbose
> git config --get commit.template
> git check-ignore -v -z --stdin
> git check-ignore -v -z --stdin
> git check-ignore -v -z --stdin
> git show --textconv :api/controllers/controllerService.js
> git ls-files --stage -- /home/marcel/Documents/git/dev-numeros-romanos/api/controllers/controllerService.js
> git cat-file -s 0b71d3b06f17b509601a831d69c89448852422fb
> git status -z -u
> git symbolic-ref --short HEAD
> git rev-parse master
> git rev-parse --symbolic-full-name master@{u}
> git rev-list --left-right master...refs/remotes/origin/master
> git for-each-ref --sort -committerdate --format %(refname) %(objectname)
> git remote --verbose
> git config --get commit.template
> git check-ignore -v -z --stdin
> git check-ignore -v -z --stdin
> git show --textconv :api/data/database.json
> git ls-files --stage -- /home/marcel/Documents/git/dev-numeros-romanos/api/data/database.json
> git cat-file -s 801d270a76df79d5fe82642873d29f0681269a0c
> git status -z -u
> git symbolic-ref --short HEAD
> git rev-parse master
> git rev-parse --symbolic-full-name master@{u}
> git rev-list --left-right master...refs/remotes/origin/master
> git for-each-ref --sort -committerdate --format %(refname) %(objectname)
> git remote --verbose
> git config --get commit.template
> git show --textconv :api/controllers/controllerService.js
> git ls-files --stage -- /home/marcel/Documents/git/dev-numeros-romanos/api/controllers/controllerService.js
> git cat-file -s 0b71d3b06f17b509601a831d69c89448852422fb
> git status -z -u
> git symbolic-ref --short HEAD
> git rev-parse master
> git rev-parse --symbolic-full-name master@{u}
> git rev-list --left-right master...refs/remotes/origin/master
> git for-each-ref --sort -committerdate --format %(refname) %(objectname)
> git remote --verbose
> git config --get commit.template
> git status -z -u
> git symbolic-ref --short HEAD
> git rev-parse master
> git rev-parse --symbolic-full-name master@{u}
> git rev-list --left-right master...refs/remotes/origin/master
> git for-each-ref --sort -committerdate --format %(refname) %(objectname)
> git remote --verbose
> git config --get commit.template
> git show --textconv :api/routes/controllerRotes.js
> git ls-files --stage -- /home/marcel/Documents/git/dev-numeros-romanos/api/routes/controllerRotes.js
> git cat-file -s 410d2a7e97821b66447422a179cd5655074ffee9
> git status -z -u
> git symbolic-ref --short HEAD
> git rev-parse master
> git rev-parse --symbolic-full-name master@{u}
> git rev-list --left-right master...refs/remotes/origin/master
> git for-each-ref --sort -committerdate --format %(refname) %(objectname)
> git remote --verbose
> git config --get commit.template
> git status -z -u
> git symbolic-ref --short HEAD
> git rev-parse master
> git rev-parse --symbolic-full-name master@{u}
> git rev-list --left-right master...refs/remotes/origin/master
> git for-each-ref --sort -committerdate --format %(refname) %(objectname)
> git remote --verbose
> git config --get commit.template
> git show --textconv :api/controllers/controllerService.js
> git ls-files --stage -- /home/marcel/Documents/git/dev-numeros-romanos/api/controllers/controllerService.js
> git cat-file -s 0b71d3b06f17b509601a831d69c89448852422fb
> git show --textconv :api/routes/controllerRotes.js
> git ls-files --stage -- /home/marcel/Documents/git/dev-numeros-romanos/api/routes/controllerRotes.js
> git cat-file -s 410d2a7e97821b66447422a179cd5655074ffee9
> git status -z -u
> git symbolic-ref --short HEAD
> git rev-parse master
> git rev-parse --symbolic-full-name master@{u}
> git rev-list --left-right master...refs/remotes/origin/master
> git for-each-ref --sort -committerdate --format %(refname) %(objectname)
> git remote --verbose
> git config --get commit.template
> git show --textconv :api/data/database.json
> git ls-files --stage -- /home/marcel/Documents/git/dev-numeros-romanos/api/data/database.json
> git cat-file -s 801d270a76df79d5fe82642873d29f0681269a0c
> git status -z -u
> git symbolic-ref --short HEAD
> git rev-parse master
> git rev-parse --symbolic-full-name master@{u}
> git rev-list --left-right master...refs/remotes/origin/master
> git for-each-ref --sort -committerdate --format %(refname) %(objectname)
> git remote --verbose
> git config --get commit.template
> git show --textconv :api/routes/controllerRotes.js
> git ls-files --stage -- /home/marcel/Documents/git/dev-numeros-romanos/api/routes/controllerRotes.js
> git cat-file -s 410d2a7e97821b66447422a179cd5655074ffee9
> git status -z -u
> git symbolic-ref --short HEAD
> git rev-parse master
> git rev-parse --symbolic-full-name master@{u}
> git rev-list --left-right master...refs/remotes/origin/master
> git for-each-ref --sort -committerdate --format %(refname) %(objectname)
> git remote --verbose
> git config --get commit.template
> git status -z -u
> git symbolic-ref --short HEAD
> git rev-parse master
> git rev-parse --symbolic-full-name master@{u}
> git rev-list --left-right master...refs/remotes/origin/master
> git for-each-ref --sort -committerdate --format %(refname) %(objectname)
> git remote --verbose
> git config --get commit.template
> git show --textconv :api/controllers/controllerService.js
> git ls-files --stage -- /home/marcel/Documents/git/dev-numeros-romanos/api/controllers/controllerService.js
> git cat-file -s 0b71d3b06f17b509601a831d69c89448852422fb
> git show --textconv :api/routes/controllerRotes.js
> git ls-files --stage -- /home/marcel/Documents/git/dev-numeros-romanos/api/routes/controllerRotes.js
> git cat-file -s 410d2a7e97821b66447422a179cd5655074ffee9
> git check-ignore -v -z --stdin
> git status -z -u
> git symbolic-ref --short HEAD
> git rev-parse master
> git rev-parse --symbolic-full-name master@{u}
> git rev-list --left-right master...refs/remotes/origin/master
> git for-each-ref --sort -committerdate --format %(refname) %(objectname)
> git remote --verbose
> git config --get commit.template
> git show --textconv :api/controllers/controllerService.js
> git ls-files --stage -- /home/marcel/Documents/git/dev-numeros-romanos/api/controllers/controllerService.js
> git cat-file -s 0b71d3b06f17b509601a831d69c89448852422fb
> git show --textconv :api/service/convertService.js
> git ls-files --stage -- /home/marcel/Documents/git/dev-numeros-romanos/api/service/convertService.js
> git check-ignore -v -z --stdin
> git status -z -u
> git symbolic-ref --short HEAD
> git rev-parse master
> git rev-parse --symbolic-full-name master@{u}
> git rev-list --left-right master...refs/remotes/origin/master
> git for-each-ref --sort -committerdate --format %(refname) %(objectname)
> git remote --verbose
> git config --get commit.template
> git show --textconv :api/routes/controllerRotes.js
> git ls-files --stage -- /home/marcel/Documents/git/dev-numeros-romanos/api/routes/controllerRotes.js
> git cat-file -s 410d2a7e97821b66447422a179cd5655074ffee9
> git show --textconv :api/service/convertService.js
> git ls-files --stage -- /home/marcel/Documents/git/dev-numeros-romanos/api/service/convertService.js
> git status -z -u
> git symbolic-ref --short HEAD
> git rev-parse master
> git rev-parse --symbolic-full-name master@{u}
> git rev-list --left-right master...refs/remotes/origin/master
> git for-each-ref --sort -committerdate --format %(refname) %(objectname)
> git remote --verbose
> git config --get commit.template
> git show --textconv :api/controllers/controllerService.js
> git ls-files --stage -- /home/marcel/Documents/git/dev-numeros-romanos/api/controllers/controllerService.js
> git cat-file -s 0b71d3b06f17b509601a831d69c89448852422fb
> git show --textconv :api/service/convertService.js
> git ls-files --stage -- /home/marcel/Documents/git/dev-numeros-romanos/api/service/convertService.js
> git log --format=%H%n%aN%n%aE%n%at%n%ct%n%P%n%B -z -n21 -- /home/marcel/Documents/git/dev-numeros-romanos/api/service/convertService.js
> git show --textconv :api/controllers/controllerService.js
> git ls-files --stage -- /home/marcel/Documents/git/dev-numeros-romanos/api/controllers/controllerService.js
> git cat-file -s 0b71d3b06f17b509601a831d69c89448852422fb
> git show --textconv :api/service/convertService.js
> git ls-files --stage -- /home/marcel/Documents/git/dev-numeros-romanos/api/service/convertService.js
> git show --textconv :api/controllers/controllerService.js
> git ls-files --stage -- /home/marcel/Documents/git/dev-numeros-romanos/api/controllers/controllerService.js
> git cat-file -s 0b71d3b06f17b509601a831d69c89448852422fb
> git show --textconv :api/service/convertService.js
> git ls-files --stage -- /home/marcel/Documents/git/dev-numeros-romanos/api/service/convertService.js
> git show --textconv :api/controllers/controllerService.js
> git ls-files --stage -- /home/marcel/Documents/git/dev-numeros-romanos/api/controllers/controllerService.js
> git cat-file -s 0b71d3b06f17b509601a831d69c89448852422fb
> git show --textconv :api/service/convertService.js
> git ls-files --stage -- /home/marcel/Documents/git/dev-numeros-romanos/api/service/convertService.js
> git show --textconv :api/controllers/controllerService.js
> git ls-files --stage -- /home/marcel/Documents/git/dev-numeros-romanos/api/controllers/controllerService.js
> git cat-file -s 0b71d3b06f17b509601a831d69c89448852422fb
> git show --textconv :api/service/convertService.js
> git ls-files --stage -- /home/marcel/Documents/git/dev-numeros-romanos/api/service/convertService.js
> git show --textconv :api/controllers/controllerService.js
> git ls-files --stage -- /home/marcel/Documents/git/dev-numeros-romanos/api/controllers/controllerService.js
> git cat-file -s 0b71d3b06f17b509601a831d69c89448852422fb
> git show --textconv :api/service/convertService.js
> git ls-files --stage -- /home/marcel/Documents/git/dev-numeros-romanos/api/service/convertService.js
> git show --textconv :api/controllers/controllerService.js
> git ls-files --stage -- /home/marcel/Documents/git/dev-numeros-romanos/api/controllers/controllerService.js
> git cat-file -s 0b71d3b06f17b509601a831d69c89448852422fb
> git show --textconv :api/service/convertService.js
> git ls-files --stage -- /home/marcel/Documents/git/dev-numeros-romanos/api/service/convertService.js
> git show --textconv :api/controllers/controllerService.js
> git ls-files --stage -- /home/marcel/Documents/git/dev-numeros-romanos/api/controllers/controllerService.js
> git cat-file -s 0b71d3b06f17b509601a831d69c89448852422fb
> git show --textconv :api/service/convertService.js
> git ls-files --stage -- /home/marcel/Documents/git/dev-numeros-romanos/api/service/convertService.js
> git status -z -u
> git symbolic-ref --short HEAD
> git rev-parse master
> git rev-parse --symbolic-full-name master@{u}
> git rev-list --left-right master...refs/remotes/origin/master
> git for-each-ref --sort -committerdate --format %(refname) %(objectname)
> git remote --verbose
> git config --get commit.template
> git status -z -u
> git symbolic-ref --short HEAD
> git rev-parse master
> git rev-parse --symbolic-full-name master@{u}
> git rev-list --left-right master...refs/remotes/origin/master
> git for-each-ref --sort -committerdate --format %(refname) %(objectname)
> git remote --verbose
> git config --get commit.template
> git status -z -u
> git symbolic-ref --short HEAD
> git rev-parse master
> git rev-parse --symbolic-full-name master@{u}
> git rev-list --left-right master...refs/remotes/origin/master
> git for-each-ref --sort -committerdate --format %(refname) %(objectname)
> git remote --verbose
> git config --get commit.template
> git show --textconv :api/routes/controllerRotes.js
> git ls-files --stage -- /home/marcel/Documents/git/dev-numeros-romanos/api/routes/controllerRotes.js
> git cat-file -s 410d2a7e97821b66447422a179cd5655074ffee9
> git show --textconv :api/controllers/controllerService.js
> git ls-files --stage -- /home/marcel/Documents/git/dev-numeros-romanos/api/controllers/controllerService.js
> git cat-file -s 0b71d3b06f17b509601a831d69c89448852422fb
> git show --textconv :api/service/convertService.js
> git ls-files --stage -- /home/marcel/Documents/git/dev-numeros-romanos/api/service/convertService.js
> git show --textconv :api/controllers/controllerService.js
> git ls-files --stage -- /home/marcel/Documents/git/dev-numeros-romanos/api/controllers/controllerService.js
> git cat-file -s 0b71d3b06f17b509601a831d69c89448852422fb
> git show --textconv :server.js
> git ls-files --stage -- /home/marcel/Documents/git/dev-numeros-romanos/server.js
> git cat-file -s 679b1749811651ae7a3716eb78d32db55609f1f9
> git check-ignore -v -z --stdin
> git show --textconv :config/express.js
> git ls-files --stage -- /home/marcel/Documents/git/dev-numeros-romanos/config/express.js
> git cat-file -s 7bf35d31f29815cff8862fd5e33157c2cabfe245
> git status -z -u
> git symbolic-ref --short HEAD
> git rev-parse master
> git rev-parse --symbolic-full-name master@{u}
> git rev-list --left-right master...refs/remotes/origin/master
> git for-each-ref --sort -committerdate --format %(refname) %(objectname)
> git remote --verbose
> git config --get commit.template
> git status -z -u
> git symbolic-ref --short HEAD
> git rev-parse master
> git rev-parse --symbolic-full-name master@{u}
> git rev-list --left-right master...refs/remotes/origin/master
> git for-each-ref --sort -committerdate --format %(refname) %(objectname)
> git remote --verbose
> git config --get commit.template
> git show --textconv :api/controllers/controllerService.js
> git ls-files --stage -- /home/marcel/Documents/git/dev-numeros-romanos/api/controllers/controllerService.js
> git cat-file -s 0b71d3b06f17b509601a831d69c89448852422fb
> git status -z -u
> git symbolic-ref --short HEAD
> git rev-parse master
> git rev-parse --symbolic-full-name master@{u}
> git rev-list --left-right master...refs/remotes/origin/master
> git for-each-ref --sort -committerdate --format %(refname) %(objectname)
> git remote --verbose
> git config --get commit.template
> git show --textconv :config/express.js
> git ls-files --stage -- /home/marcel/Documents/git/dev-numeros-romanos/config/express.js
> git cat-file -s 7bf35d31f29815cff8862fd5e33157c2cabfe245
> git show --textconv :api/controllers/controllerService.js
> git ls-files --stage -- /home/marcel/Documents/git/dev-numeros-romanos/api/controllers/controllerService.js
> git cat-file -s 0b71d3b06f17b509601a831d69c89448852422fb
> git show --textconv :api/service/convertService.js
> git ls-files --stage -- /home/marcel/Documents/git/dev-numeros-romanos/api/service/convertService.js
> git show --textconv :api/controllers/controllerService.js
> git ls-files --stage -- /home/marcel/Documents/git/dev-numeros-romanos/api/controllers/controllerService.js
> git cat-file -s 0b71d3b06f17b509601a831d69c89448852422fb
> git status -z -u
> git symbolic-ref --short HEAD
> git rev-parse master
> git rev-parse --symbolic-full-name master@{u}
> git rev-list --left-right master...refs/remotes/origin/master
> git for-each-ref --sort -committerdate --format %(refname) %(objectname)
> git remote --verbose
> git config --get commit.template
> git show --textconv :api/service/convertService.js
> git ls-files --stage -- /home/marcel/Documents/git/dev-numeros-romanos/api/service/convertService.js
> git show --textconv :api/controllers/controllerService.js
> git ls-files --stage -- /home/marcel/Documents/git/dev-numeros-romanos/api/controllers/controllerService.js
> git cat-file -s 0b71d3b06f17b509601a831d69c89448852422fb
> git show --textconv :api/service/convertService.js
> git ls-files --stage -- /home/marcel/Documents/git/dev-numeros-romanos/api/service/convertService.js
> git show --textconv :api/controllers/controllerService.js
> git ls-files --stage -- /home/marcel/Documents/git/dev-numeros-romanos/api/controllers/controllerService.js
> git cat-file -s 0b71d3b06f17b509601a831d69c89448852422fb
> git show --textconv :api/service/convertService.js
> git ls-files --stage -- /home/marcel/Documents/git/dev-numeros-romanos/api/service/convertService.js
> git show --textconv :api/controllers/controllerService.js
> git ls-files --stage -- /home/marcel/Documents/git/dev-numeros-romanos/api/controllers/controllerService.js
> git cat-file -s 0b71d3b06f17b509601a831d69c89448852422fb
> git show --textconv :api/service/convertService.js
> git ls-files --stage -- /home/marcel/Documents/git/dev-numeros-romanos/api/service/convertService.js
> git show --textconv :config/express.js
> git ls-files --stage -- /home/marcel/Documents/git/dev-numeros-romanos/config/express.js
> git cat-file -s 7bf35d31f29815cff8862fd5e33157c2cabfe245
> git status -z -u
> git symbolic-ref --short HEAD
> git rev-parse master
> git rev-parse --symbolic-full-name master@{u}
> git rev-list --left-right master...refs/remotes/origin/master
> git for-each-ref --sort -committerdate --format %(refname) %(objectname)
> git remote --verbose
> git config --get commit.template
> git status -z -u
> git symbolic-ref --short HEAD
> git rev-parse master
> git rev-parse --symbolic-full-name master@{u}
> git rev-list --left-right master...refs/remotes/origin/master
> git for-each-ref --sort -committerdate --format %(refname) %(objectname)
> git remote --verbose
> git config --get commit.template
> git show --textconv :api/service/convertService.js
> git ls-files --stage -- /home/marcel/Documents/git/dev-numeros-romanos/api/service/convertService.js
> git show --textconv :config/express.js
> git ls-files --stage -- /home/marcel/Documents/git/dev-numeros-romanos/config/express.js
> git cat-file -s 7bf35d31f29815cff8862fd5e33157c2cabfe245
> git show --textconv :api/service/convertService.js
> git ls-files --stage -- /home/marcel/Documents/git/dev-numeros-romanos/api/service/convertService.js
> git show --textconv :api/routes/controllerRotes.js
> git ls-files --stage -- /home/marcel/Documents/git/dev-numeros-romanos/api/routes/controllerRotes.js
> git cat-file -s 410d2a7e97821b66447422a179cd5655074ffee9
> git show --textconv :api/service/convertService.js
> git ls-files --stage -- /home/marcel/Documents/git/dev-numeros-romanos/api/service/convertService.js
> git show --textconv :api/routes/controllerRotes.js
> git ls-files --stage -- /home/marcel/Documents/git/dev-numeros-romanos/api/routes/controllerRotes.js
> git cat-file -s 410d2a7e97821b66447422a179cd5655074ffee9
> git show --textconv :api/service/convertService.js
> git ls-files --stage -- /home/marcel/Documents/git/dev-numeros-romanos/api/service/convertService.js
> git show --textconv :api/controllers/controllerService.js
> git ls-files --stage -- /home/marcel/Documents/git/dev-numeros-romanos/api/controllers/controllerService.js
> git cat-file -s 0b71d3b06f17b509601a831d69c89448852422fb
> git show --textconv :api/service/convertService.js
> git ls-files --stage -- /home/marcel/Documents/git/dev-numeros-romanos/api/service/convertService.js
> git status -z -u
> git symbolic-ref --short HEAD
> git rev-parse master
> git rev-parse --symbolic-full-name master@{u}
> git rev-list --left-right master...refs/remotes/origin/master
> git for-each-ref --sort -committerdate --format %(refname) %(objectname)
> git remote --verbose
> git config --get commit.template
> git show --textconv :api/controllers/controllerService.js
> git ls-files --stage -- /home/marcel/Documents/git/dev-numeros-romanos/api/controllers/controllerService.js
> git cat-file -s 0b71d3b06f17b509601a831d69c89448852422fb
> git show --textconv :server.js
> git ls-files --stage -- /home/marcel/Documents/git/dev-numeros-romanos/server.js
> git cat-file -s 679b1749811651ae7a3716eb78d32db55609f1f9
> git show --textconv :config/express.js
> git ls-files --stage -- /home/marcel/Documents/git/dev-numeros-romanos/config/express.js
> git cat-file -s 7bf35d31f29815cff8862fd5e33157c2cabfe245
> git show --textconv :api/routes/controllerRotes.js
> git ls-files --stage -- /home/marcel/Documents/git/dev-numeros-romanos/api/routes/controllerRotes.js
> git cat-file -s 410d2a7e97821b66447422a179cd5655074ffee9
> git show --textconv :api/service/convertService.js
> git ls-files --stage -- /home/marcel/Documents/git/dev-numeros-romanos/api/service/convertService.js
> git show --textconv :package.json
> git ls-files --stage -- /home/marcel/Documents/git/dev-numeros-romanos/package.json
> git cat-file -s 93a43842ba4ccd4d9797f880863f46bddf4feb16
> git show --textconv :api/service/convertService.js
> git ls-files --stage -- /home/marcel/Documents/git/dev-numeros-romanos/api/service/convertService.js
> git show --textconv :config/express.js
> git ls-files --stage -- /home/marcel/Documents/git/dev-numeros-romanos/config/express.js
> git cat-file -s 7bf35d31f29815cff8862fd5e33157c2cabfe245
> git show --textconv :api/service/convertService.js
> git ls-files --stage -- /home/marcel/Documents/git/dev-numeros-romanos/api/service/convertService.js
> git status -z -u
> git symbolic-ref --short HEAD
> git rev-parse master
> git rev-parse --symbolic-full-name master@{u}
> git rev-list --left-right master...refs/remotes/origin/master
> git for-each-ref --sort -committerdate --format %(refname) %(objectname)
> git remote --verbose
> git config --get commit.template
> git show --textconv :api/routes/controllerRotes.js
> git ls-files --stage -- /home/marcel/Documents/git/dev-numeros-romanos/api/routes/controllerRotes.js
> git cat-file -s 410d2a7e97821b66447422a179cd5655074ffee9
> git show --textconv :api/controllers/controllerService.js
> git ls-files --stage -- /home/marcel/Documents/git/dev-numeros-romanos/api/controllers/controllerService.js
> git cat-file -s 0b71d3b06f17b509601a831d69c89448852422fb
> git show --textconv :api/routes/controllerRotes.js
> git ls-files --stage -- /home/marcel/Documents/git/dev-numeros-romanos/api/routes/controllerRotes.js
> git cat-file -s 410d2a7e97821b66447422a179cd5655074ffee9
> git show --textconv :api/controllers/controllerService.js
> git ls-files --stage -- /home/marcel/Documents/git/dev-numeros-romanos/api/controllers/controllerService.js
> git cat-file -s 0b71d3b06f17b509601a831d69c89448852422fb
> git show --textconv :api/routes/controllerRotes.js
> git ls-files --stage -- /home/marcel/Documents/git/dev-numeros-romanos/api/routes/controllerRotes.js
> git cat-file -s 410d2a7e97821b66447422a179cd5655074ffee9
> git show --textconv :api/controllers/controllerService.js
> git ls-files --stage -- /home/marcel/Documents/git/dev-numeros-romanos/api/controllers/controllerService.js
> git cat-file -s 0b71d3b06f17b509601a831d69c89448852422fb
> git status -z -u
> git symbolic-ref --short HEAD
> git rev-parse master
> git rev-parse --symbolic-full-name master@{u}
> git rev-list --left-right master...refs/remotes/origin/master
> git for-each-ref --sort -committerdate --format %(refname) %(objectname)
> git remote --verbose
> git config --get commit.template
> git show --textconv :api/routes/controllerRotes.js
> git ls-files --stage -- /home/marcel/Documents/git/dev-numeros-romanos/api/routes/controllerRotes.js
> git cat-file -s 410d2a7e97821b66447422a179cd5655074ffee9
> git status -z -u
> git symbolic-ref --short HEAD
> git rev-parse master
> git rev-parse --symbolic-full-name master@{u}
> git rev-list --left-right master...refs/remotes/origin/master
> git for-each-ref --sort -committerdate --format %(refname) %(objectname)
> git remote --verbose
> git config --get commit.template
> git show --textconv :api/controllers/controllerService.js
> git ls-files --stage -- /home/marcel/Documents/git/dev-numeros-romanos/api/controllers/controllerService.js
> git cat-file -s 0b71d3b06f17b509601a831d69c89448852422fb
> git status -z -u
> git symbolic-ref --short HEAD
> git rev-parse master
> git rev-parse --symbolic-full-name master@{u}
> git rev-list --left-right master...refs/remotes/origin/master
> git for-each-ref --sort -committerdate --format %(refname) %(objectname)
> git remote --verbose
> git config --get commit.template
> git show --textconv :api/routes/controllerRotes.js
> git ls-files --stage -- /home/marcel/Documents/git/dev-numeros-romanos/api/routes/controllerRotes.js
> git cat-file -s 410d2a7e97821b66447422a179cd5655074ffee9
> git status -z -u
> git symbolic-ref --short HEAD
> git rev-parse master
> git rev-parse --symbolic-full-name master@{u}
> git rev-list --left-right master...refs/remotes/origin/master
> git for-each-ref --sort -committerdate --format %(refname) %(objectname)
> git remote --verbose
> git config --get commit.template
> git status -z -u
> git symbolic-ref --short HEAD
> git rev-parse master
> git rev-parse --symbolic-full-name master@{u}
> git rev-list --left-right master...refs/remotes/origin/master
> git for-each-ref --sort -committerdate --format %(refname) %(objectname)
> git remote --verbose
> git config --get commit.template
> git show --textconv :server.js
> git ls-files --stage -- /home/marcel/Documents/git/dev-numeros-romanos/server.js
> git cat-file -s 679b1749811651ae7a3716eb78d32db55609f1f9
> git show --textconv :config/express.js
> git ls-files --stage -- /home/marcel/Documents/git/dev-numeros-romanos/config/express.js
> git cat-file -s 7bf35d31f29815cff8862fd5e33157c2cabfe245
> git status -z -u
> git symbolic-ref --short HEAD
> git rev-parse master
> git rev-parse --symbolic-full-name master@{u}
> git rev-list --left-right master...refs/remotes/origin/master
> git for-each-ref --sort -committerdate --format %(refname) %(objectname)
> git remote --verbose
> git config --get commit.template
> git show --textconv :api/service/convertService.js
> git ls-files --stage -- /home/marcel/Documents/git/dev-numeros-romanos/api/service/convertService.js
> git status -z -u
> git symbolic-ref --short HEAD
> git rev-parse master
> git rev-parse --symbolic-full-name master@{u}
> git rev-list --left-right master...refs/remotes/origin/master
> git for-each-ref --sort -committerdate --format %(refname) %(objectname)
> git remote --verbose
> git config --get commit.template
> git status -z -u
> git symbolic-ref --short HEAD
> git rev-parse master
> git rev-parse --symbolic-full-name master@{u}
> git rev-list --left-right master...refs/remotes/origin/master
> git for-each-ref --sort -committerdate --format %(refname) %(objectname)
> git remote --verbose
> git config --get commit.template
> git status -z -u
> git symbolic-ref --short HEAD
> git rev-parse master
> git rev-parse --symbolic-full-name master@{u}
> git rev-list --left-right master...refs/remotes/origin/master
> git for-each-ref --sort -committerdate --format %(refname) %(objectname)
> git remote --verbose
> git config --get commit.template
> git status -z -u
> git symbolic-ref --short HEAD
> git rev-parse master
> git rev-parse --symbolic-full-name master@{u}
> git rev-list --left-right master...refs/remotes/origin/master
> git for-each-ref --sort -committerdate --format %(refname) %(objectname)
> git remote --verbose
> git config --get commit.template
> git status -z -u
> git symbolic-ref --short HEAD
> git rev-parse master
> git rev-parse --symbolic-full-name master@{u}
> git rev-list --left-right master...refs/remotes/origin/master
> git for-each-ref --sort -committerdate --format %(refname) %(objectname)
> git remote --verbose
> git config --get commit.template
> git status -z -u
> git symbolic-ref --short HEAD
> git rev-parse master
> git rev-parse --symbolic-full-name master@{u}
> git rev-list --left-right master...refs/remotes/origin/master
> git for-each-ref --sort -committerdate --format %(refname) %(objectname)
> git remote --verbose
> git config --get commit.template
> git status -z -u
> git symbolic-ref --short HEAD
> git rev-parse master
> git rev-parse --symbolic-full-name master@{u}
> git rev-list --left-right master...refs/remotes/origin/master
> git for-each-ref --sort -committerdate --format %(refname) %(objectname)
> git remote --verbose
> git config --get commit.template
> git status -z -u
> git symbolic-ref --short HEAD
> git rev-parse master
> git rev-parse --symbolic-full-name master@{u}
> git rev-list --left-right master...refs/remotes/origin/master
> git for-each-ref --sort -committerdate --format %(refname) %(objectname)
> git remote --verbose
> git config --get commit.template
> git show --textconv :config/express.js
> git ls-files --stage -- /home/marcel/Documents/git/dev-numeros-romanos/config/express.js
> git cat-file -s 7bf35d31f29815cff8862fd5e33157c2cabfe245
> git status -z -u
> git symbolic-ref --short HEAD
> git rev-parse master
> git rev-parse --symbolic-full-name master@{u}
> git rev-list --left-right master...refs/remotes/origin/master
> git for-each-ref --sort -committerdate --format %(refname) %(objectname)
> git remote --verbose
> git config --get commit.template
> git show --textconv :server.js
> git ls-files --stage -- /home/marcel/Documents/git/dev-numeros-romanos/server.js
> git cat-file -s 679b1749811651ae7a3716eb78d32db55609f1f9
> git show --textconv :api/controllers/controllerService.js
> git ls-files --stage -- /home/marcel/Documents/git/dev-numeros-romanos/api/controllers/controllerService.js
> git cat-file -s 0b71d3b06f17b509601a831d69c89448852422fb
> git status -z -u
> git symbolic-ref --short HEAD
> git rev-parse master
> git show --textconv :server.js
> git ls-files --stage -- /home/marcel/Documents/git/dev-numeros-romanos/server.js
> git rev-parse --symbolic-full-name master@{u}
> git cat-file -s 679b1749811651ae7a3716eb78d32db55609f1f9
> git rev-list --left-right master...refs/remotes/origin/master
> git for-each-ref --sort -committerdate --format %(refname) %(objectname)
> git remote --verbose
> git config --get commit.template
> git show --textconv :config/express.js
> git ls-files --stage -- /home/marcel/Documents/git/dev-numeros-romanos/config/express.js
> git cat-file -s 7bf35d31f29815cff8862fd5e33157c2cabfe245
> git show --textconv :api/service/convertService.js
> git ls-files --stage -- /home/marcel/Documents/git/dev-numeros-romanos/api/service/convertService.js
> git status -z -u
> git symbolic-ref --short HEAD
> git rev-parse master
> git rev-parse --symbolic-full-name master@{u}
> git rev-list --left-right master...refs/remotes/origin/master
> git for-each-ref --sort -committerdate --format %(refname) %(objectname)
> git remote --verbose
> git config --get commit.template
> git status -z -u
> git symbolic-ref --short HEAD
> git rev-parse master
> git rev-parse --symbolic-full-name master@{u}
> git rev-list --left-right master...refs/remotes/origin/master
> git for-each-ref --sort -committerdate --format %(refname) %(objectname)
> git remote --verbose
> git config --get commit.template
> git show --textconv :api/routes/controllerRotes.js
> git ls-files --stage -- /home/marcel/Documents/git/dev-numeros-romanos/api/routes/controllerRotes.js
> git cat-file -s 410d2a7e97821b66447422a179cd5655074ffee9
> git show --textconv :api/data/database.json
> git ls-files --stage -- /home/marcel/Documents/git/dev-numeros-romanos/api/data/database.json
> git cat-file -s 801d270a76df79d5fe82642873d29f0681269a0c
> git show --textconv :README.md
> git ls-files --stage -- /home/marcel/Documents/git/dev-numeros-romanos/README.md
> git cat-file -s cf072fc8bbb409431a0a1b5a17b0c795aeb32612
> git show --textconv :api/controllers/controllerService.js
> git ls-files --stage -- /home/marcel/Documents/git/dev-numeros-romanos/api/controllers/controllerService.js
> git cat-file -s 0b71d3b06f17b509601a831d69c89448852422fb
> git show --textconv :api/service/convertService.js
> git ls-files --stage -- /home/marcel/Documents/git/dev-numeros-romanos/api/service/convertService.js
> git show --textconv :api/controllers/controllerService.js
> git ls-files --stage -- /home/marcel/Documents/git/dev-numeros-romanos/api/controllers/controllerService.js
> git cat-file -s 0b71d3b06f17b509601a831d69c89448852422fb
> git status -z -u
> git symbolic-ref --short HEAD
> git rev-parse master
> git rev-parse --symbolic-full-name master@{u}
> git rev-list --left-right master...refs/remotes/origin/master
> git for-each-ref --sort -committerdate --format %(refname) %(objectname)
> git remote --verbose
> git config --get commit.template
> git status -z -u
> git symbolic-ref --short HEAD
> git rev-parse master
> git rev-parse --symbolic-full-name master@{u}
> git rev-list --left-right master...refs/remotes/origin/master
> git for-each-ref --sort -committerdate --format %(refname) %(objectname)
> git remote --verbose
> git config --get commit.template
> git show --textconv :api/service/convertService.js
> git ls-files --stage -- /home/marcel/Documents/git/dev-numeros-romanos/api/service/convertService.js
> git show --textconv :api/routes/controllerRotes.js
> git ls-files --stage -- /home/marcel/Documents/git/dev-numeros-romanos/api/routes/controllerRotes.js
> git cat-file -s 410d2a7e97821b66447422a179cd5655074ffee9
> git status -z -u
> git symbolic-ref --short HEAD
> git rev-parse master
> git rev-parse --symbolic-full-name master@{u}
> git rev-list --left-right master...refs/remotes/origin/master
> git for-each-ref --sort -committerdate --format %(refname) %(objectname)
> git remote --verbose
> git config --get commit.template
> git status -z -u
> git symbolic-ref --short HEAD
> git rev-parse master
> git rev-parse --symbolic-full-name master@{u}
> git rev-list --left-right master...refs/remotes/origin/master
> git for-each-ref --sort -committerdate --format %(refname) %(objectname)
> git remote --verbose
> git config --get commit.template
> git show --textconv :README.md
> git ls-files --stage -- /home/marcel/Documents/git/dev-numeros-romanos/README.md
> git cat-file -s cf072fc8bbb409431a0a1b5a17b0c795aeb32612
> git status -z -u
> git symbolic-ref --short HEAD
> git rev-parse master
> git rev-parse --symbolic-full-name master@{u}
> git rev-list --left-right master...refs/remotes/origin/master
> git for-each-ref --sort -committerdate --format %(refname) %(objectname)
> git remote --verbose
> git config --get commit.template
> git status -z -u
> git symbolic-ref --short HEAD
> git rev-parse master
> git rev-parse --symbolic-full-name master@{u}
> git rev-list --left-right master...refs/remotes/origin/master
> git for-each-ref --sort -committerdate --format %(refname) %(objectname)
> git remote --verbose
> git config --get commit.template
> git status -z -u
> git symbolic-ref --short HEAD
> git rev-parse master
> git rev-parse --symbolic-full-name master@{u}
> git rev-list --left-right master...refs/remotes/origin/master
> git for-each-ref --sort -committerdate --format %(refname) %(objectname)
> git remote --verbose
> git config --get commit.template
> git show --textconv :api/controllers/controllerService.js
> git ls-files --stage -- /home/marcel/Documents/git/dev-numeros-romanos/api/controllers/controllerService.js
> git cat-file -s 0b71d3b06f17b509601a831d69c89448852422fb
> git status -z -u
> git symbolic-ref --short HEAD
> git rev-parse master
> git rev-parse --symbolic-full-name master@{u}
> git rev-list --left-right master...refs/remotes/origin/master
> git for-each-ref --sort -committerdate --format %(refname) %(objectname)
> git remote --verbose
> git config --get commit.template
> git status -z -u
> git symbolic-ref --short HEAD
> git rev-parse master
> git rev-parse --symbolic-full-name master@{u}
> git rev-list --left-right master...refs/remotes/origin/master
> git for-each-ref --sort -committerdate --format %(refname) %(objectname)
> git remote --verbose
> git config --get commit.template
> git status -z -u
> git symbolic-ref --short HEAD
> git rev-parse master
> git rev-parse --symbolic-full-name master@{u}
> git rev-list --left-right master...refs/remotes/origin/master
> git for-each-ref --sort -committerdate --format %(refname) %(objectname)
> git remote --verbose
> git config --get commit.template
> git status -z -u
> git symbolic-ref --short HEAD
> git rev-parse master
> git rev-parse --symbolic-full-name master@{u}
> git rev-list --left-right master...refs/remotes/origin/master
> git for-each-ref --sort -committerdate --format %(refname) %(objectname)
> git remote --verbose
> git config --get commit.template
> git show --textconv :api/data/database.json
> git ls-files --stage -- /home/marcel/Documents/git/dev-numeros-romanos/api/data/database.json
> git cat-file -s 801d270a76df79d5fe82642873d29f0681269a0c
> git show --textconv :api/routes/controllerRotes.js
> git ls-files --stage -- /home/marcel/Documents/git/dev-numeros-romanos/api/routes/controllerRotes.js
> git cat-file -s 410d2a7e97821b66447422a179cd5655074ffee9
> git show --textconv :api/service/convertService.js
> git ls-files --stage -- /home/marcel/Documents/git/dev-numeros-romanos/api/service/convertService.js
> git show --textconv :README.md
> git ls-files --stage -- /home/marcel/Documents/git/dev-numeros-romanos/README.md
> git cat-file -s cf072fc8bbb409431a0a1b5a17b0c795aeb32612
